<?xml version="1.0" encoding="UTF-8"?>
<testng-results skipped="0" failed="0" ignored="0" total="1" passed="1">
  <reporter-output>
  </reporter-output>
  <suite name="Default suite" duration-ms="203051" started-at="2020-08-21T18:05:08 BDT" finished-at="2020-08-21T18:08:31 BDT">
    <groups>
    </groups>
    <test name="Default test" duration-ms="203051" started-at="2020-08-21T18:05:08 BDT" finished-at="2020-08-21T18:08:31 BDT">
      <class name="tests.com.automationpractice.PageFactoryTest_Purchasing">
        <test-method status="PASS" signature="init()[pri:0, instance:tests.com.automationpractice.PageFactoryTest_Purchasing@3d99d22e]" name="init" is-config="true" duration-ms="13690" started-at="2020-08-21T18:05:08 BDT" finished-at="2020-08-21T18:05:22 BDT">
          <reporter-output>
          </reporter-output>
        </test-method> <!-- init -->
        <test-method status="PASS" signature="verify_add_any_product_to_cart_from_homepage()[pri:16, instance:tests.com.automationpractice.PageFactoryTest_Purchasing@3d99d22e]" name="verify_add_any_product_to_cart_from_homepage" duration-ms="188481" started-at="2020-08-21T18:05:22 BDT" finished-at="2020-08-21T18:08:30 BDT">
          <reporter-output>
          </reporter-output>
        </test-method> <!-- verify_add_any_product_to_cart_from_homepage -->
        <test-method status="PASS" signature="tearDown()[pri:0, instance:tests.com.automationpractice.PageFactoryTest_Purchasing@3d99d22e]" name="tearDown" is-config="true" duration-ms="815" started-at="2020-08-21T18:08:30 BDT" finished-at="2020-08-21T18:08:31 BDT">
          <reporter-output>
          </reporter-output>
        </test-method> <!-- tearDown -->
      </class> <!-- tests.com.automationpractice.PageFactoryTest_Purchasing -->
    </test> <!-- Default test -->
  </suite> <!-- Default suite -->
</testng-results>
